c:\users\alex\documents\github\asdf\prog3motor\prog3motor\prog3motor\debug\vc141.pdb
c:\users\alex\documents\github\asdf\prog3motor\prog3motor\prog3motor\debug\vc141.idb
c:\users\alex\documents\github\asdf\prog3motor\prog3motor\prog3motor\debug\animatedmovingsprite.obj
c:\users\alex\documents\github\asdf\prog3motor\prog3motor\prog3motor\debug\animatedsprite.obj
c:\users\alex\documents\github\asdf\prog3motor\prog3motor\prog3motor\debug\enemysprite.obj
c:\users\alex\documents\github\asdf\prog3motor\prog3motor\prog3motor\debug\gameengine.obj
c:\users\alex\documents\github\asdf\prog3motor\prog3motor\prog3motor\debug\main.obj
c:\users\alex\documents\github\asdf\prog3motor\prog3motor\prog3motor\debug\movingsprite.obj
c:\users\alex\documents\github\asdf\prog3motor\prog3motor\prog3motor\debug\sprite.obj
c:\users\alex\documents\github\asdf\prog3motor\prog3motor\prog3motor\debug\stationarysprite.obj
c:\users\alex\documents\github\asdf\prog3motor\prog3motor\prog3motor\debug\system.obj
c:\users\alex\documents\github\asdf\prog3motor\prog3motor\prog3motor\debug\herosprite.obj
c:\users\alex\documents\github\asdf\prog3motor\prog3motor\debug\prog3motor.lib
c:\users\alex\documents\github\asdf\prog3motor\prog3motor\debug\prog3motor.exp
c:\users\alex\documents\github\asdf\prog3motor\prog3motor\debug\prog3motor.pdb
c:\users\alex\documents\github\asdf\prog3motor\prog3motor\prog3motor\debug\prog3motor.tlog\cl.command.1.tlog
c:\users\alex\documents\github\asdf\prog3motor\prog3motor\prog3motor\debug\prog3motor.tlog\cl.read.1.tlog
c:\users\alex\documents\github\asdf\prog3motor\prog3motor\prog3motor\debug\prog3motor.tlog\cl.write.1.tlog
c:\users\alex\documents\github\asdf\prog3motor\prog3motor\prog3motor\debug\prog3motor.tlog\link-cvtres.read.1.tlog
c:\users\alex\documents\github\asdf\prog3motor\prog3motor\prog3motor\debug\prog3motor.tlog\link-cvtres.write.1.tlog
c:\users\alex\documents\github\asdf\prog3motor\prog3motor\prog3motor\debug\prog3motor.tlog\link-rc.read.1.tlog
c:\users\alex\documents\github\asdf\prog3motor\prog3motor\prog3motor\debug\prog3motor.tlog\link-rc.write.1.tlog
c:\users\alex\documents\github\asdf\prog3motor\prog3motor\prog3motor\debug\prog3motor.tlog\link.14384-cvtres.read.1.tlog
c:\users\alex\documents\github\asdf\prog3motor\prog3motor\prog3motor\debug\prog3motor.tlog\link.14384-cvtres.write.1.tlog
c:\users\alex\documents\github\asdf\prog3motor\prog3motor\prog3motor\debug\prog3motor.tlog\link.14384-rc.read.1.tlog
c:\users\alex\documents\github\asdf\prog3motor\prog3motor\prog3motor\debug\prog3motor.tlog\link.14384-rc.write.1.tlog
c:\users\alex\documents\github\asdf\prog3motor\prog3motor\prog3motor\debug\prog3motor.tlog\link.14384.read.1.tlog
c:\users\alex\documents\github\asdf\prog3motor\prog3motor\prog3motor\debug\prog3motor.tlog\link.14384.write.1.tlog
c:\users\alex\documents\github\asdf\prog3motor\prog3motor\prog3motor\debug\prog3motor.tlog\link.command.1.tlog
c:\users\alex\documents\github\asdf\prog3motor\prog3motor\prog3motor\debug\prog3motor.tlog\link.read.1.tlog
c:\users\alex\documents\github\asdf\prog3motor\prog3motor\prog3motor\debug\prog3motor.tlog\link.write.1.tlog
c:\users\alex\documents\github\asdf\prog3motor\prog3motor\prog3motor\debug\prog3motor.tlog\prog3motor.write.1u.tlog
